<?xml version="1.0" encoding="UTF-8"?>
<testng-results ignored="0" total="1" passed="1" failed="0" skipped="0">
  <reporter-output>
  </reporter-output>
  <suite started-at="2023-12-07T08:59:02 IST" name="Default suite" finished-at="2023-12-07T08:59:34 IST" duration-ms="31212">
    <groups>
    </groups>
    <test started-at="2023-12-07T08:59:02 IST" name="Default test" finished-at="2023-12-07T08:59:34 IST" duration-ms="31212">
      <class name="exe.Navukaritest">
        <test-method signature="job()[pri:0, instance:exe.Navukaritest@63376bed]" started-at="2023-12-07T08:59:02 IST" name="job" finished-at="2023-12-07T08:59:34 IST" duration-ms="31161" status="PASS">
          <reporter-output>
          </reporter-output>
        </test-method> <!-- job -->
      </class> <!-- exe.Navukaritest -->
    </test> <!-- Default test -->
  </suite> <!-- Default suite -->
</testng-results>
