<?xml version="1.0" encoding="UTF-8"?>
<testng-results ignored="0" total="1" passed="1" failed="0" skipped="0">
  <reporter-output>
  </reporter-output>
  <suite started-at="2023-12-02T16:53:29 IST" name="Default suite" finished-at="2023-12-02T16:53:52 IST" duration-ms="23738">
    <groups>
    </groups>
    <test started-at="2023-12-02T16:53:29 IST" name="Default test" finished-at="2023-12-02T16:53:52 IST" duration-ms="23738">
      <class name="exe.Monstertest">
        <test-method signature="monster()[pri:0, instance:exe.Monstertest@63376bed]" started-at="2023-12-02T16:53:29 IST" name="monster" finished-at="2023-12-02T16:53:52 IST" duration-ms="23691" status="PASS">
          <reporter-output>
          </reporter-output>
        </test-method> <!-- monster -->
      </class> <!-- exe.Monstertest -->
    </test> <!-- Default test -->
  </suite> <!-- Default suite -->
</testng-results>
